<?xml version="1.0" encoding="UTF-8"?>
<testng-results skipped="0" failed="0" total="1" passed="1">
  <reporter-output>
  </reporter-output>
  <suite name="Default suite" duration-ms="11324" started-at="2017-06-03T12:22:32Z" finished-at="2017-06-03T12:22:43Z">
    <groups>
    </groups>
    <test name="Default test" duration-ms="11324" started-at="2017-06-03T12:22:32Z" finished-at="2017-06-03T12:22:43Z">
      <class name="com.Maven.noJenkins.helloMaven">
        <test-method status="PASS" signature="f()" name="f" duration-ms="11307" started-at="2017-06-03T12:22:32Z" finished-at="2017-06-03T12:22:43Z">
        </test-method>
      </class>
    </test>
  </suite>
</testng-results>
